<?xml version="1.0" encoding="UTF-8"?>
<!-- Generated by org.testng.reporters.JUnitReportReporter -->
<testsuite skipped="0" hostname="DESKTOP-J1G6BS1" name="runner.TestRunner" tests="1" failures="0" timestamp="24 Nov 2020 13:03:02 GMT" time="0.015" errors="0">
  <testcase name="feature" time="0.015" classname="runner.TestRunner"/>
</testsuite> <!-- runner.TestRunner -->
