<?xml version="1.0" encoding="UTF-8"?>
<!-- Generated by org.testng.reporters.JUnitReportReporter -->
<testsuite skipped="0" hostname="DESKTOP-J1G6BS1" name="preRequisites.BasicSetUp" tests="2" failures="0" timestamp="06 Dec 2020 16:53:54 GMT" time="7.480" errors="0">
  <testcase name="getbrowser" time="4.733" classname="preRequisites.BasicSetUp"/>
  <testcase name="getUrl" time="2.747" classname="preRequisites.BasicSetUp"/>
</testsuite> <!-- preRequisites.BasicSetUp -->
