<?xml version="1.0" encoding="UTF-8"?>
<!-- Generated by org.testng.reporters.JUnitReportReporter -->
<testsuite skipped="0" hostname="DESKTOP-J1G6BS1" name="testCases.TestCsae2" tests="8" failures="0" timestamp="09 Dec 2020 07:42:21 GMT" time="141.284" errors="0">
  <testcase name="login1" time="4.277" classname="testCases.TestCsae2"/>
  <testcase name="verifyingAccountSettingPageHeader" time="1.513" classname="testCases.TestCsae2"/>
  <testcase name="verifyAccountSettingsLinkTitles" time="69.475" classname="testCases.TestCsae2"/>
  <testcase name="verifyAppearance" time="11.272" classname="testCases.TestCsae2"/>
  <testcase name="addUser" time="13.222" classname="testCases.TestCsae2"/>
  <testcase name="verifyOpportunities" time="18.140" classname="testCases.TestCsae2"/>
  <testcase name="verifyTrackOption" time="13.634" classname="testCases.TestCsae2"/>
  <testcase name="verifyNewCategories" time="9.751" classname="testCases.TestCsae2"/>
</testsuite> <!-- testCases.TestCsae2 -->
