<?xml version="1.0" encoding="UTF-8"?>
<!-- Generated by org.testng.reporters.JUnitReportReporter -->
<testsuite skipped="0" hostname="DESKTOP-J1G6BS1" name="testCases.CapsuleCRM" tests="6" failures="0" timestamp="09 Dec 2020 12:30:25 GMT" time="41.852" errors="0">
  <testcase name="login" time="5.556" classname="testCases.CapsuleCRM"/>
  <testcase name="addPerson" time="4.615" classname="testCases.CapsuleCRM"/>
  <testcase name="addingNewPersonForm" time="8.274" classname="testCases.CapsuleCRM"/>
  <testcase name="verifyAddedPerson" time="9.100" classname="testCases.CapsuleCRM"/>
  <testcase name="assigningCase" time="12.186" classname="testCases.CapsuleCRM"/>
  <testcase name="verifyCaseAssigning" time="2.121" classname="testCases.CapsuleCRM"/>
</testsuite> <!-- testCases.CapsuleCRM -->
