<?xml version="1.0" encoding="UTF-8"?>
<!-- Generated by org.testng.reporters.JUnitReportReporter -->
<testsuite skipped="1" hostname="DESKTOP-J1G6BS1" name="testCases.MakeMyTrip" tests="4" failures="0" timestamp="15 Dec 2020 13:59:10 GMT" time="82.754" errors="0">
  <testcase name="searchFlights" time="15.827" classname="testCases.MakeMyTrip"/>
  <testcase name="nonStopAndOneStopFlights" time="6.891" classname="testCases.MakeMyTrip"/>
  <testcase name="verifyTotalPrice" time="60.036" classname="testCases.MakeMyTrip"/>
  <testcase name="clickingRadioBtnOfFlights" classname="testCases.MakeMyTrip">
    <skipped/>
  </testcase> <!-- clickingRadioBtnOfFlights -->
</testsuite> <!-- testCases.MakeMyTrip -->
