<?xml version="1.0" encoding="UTF-8"?>
<!-- Generated by org.testng.reporters.JUnitReportReporter -->
<testsuite skipped="0" hostname="DESKTOP-J1G6BS1" name="testCases.Zoopla" tests="4" failures="0" timestamp="10 Dec 2020 05:46:09 GMT" time="19.290" errors="0">
  <testcase name="search" time="8.366" classname="testCases.Zoopla"/>
  <testcase name="gettingPriceList" time="1.500" classname="testCases.Zoopla"/>
  <testcase name="selectParticularProperty" time="4.465" classname="testCases.Zoopla"/>
  <testcase name="getAgentName" time="4.959" classname="testCases.Zoopla"/>
</testsuite> <!-- testCases.Zoopla -->
