<?xml version="1.0" encoding="UTF-8"?>
<!-- Generated by org.testng.reporters.JUnitReportReporter -->
<testsuite skipped="0" hostname="DESKTOP-J1G6BS1" name="TestRun.TestRun" tests="1" failures="0" timestamp="26 Nov 2020 11:41:39 GMT" time="0.117" errors="0">
  <testcase name="feature" time="0.117" classname="TestRun.TestRun"/>
</testsuite> <!-- TestRun.TestRun -->
